2025-05-03 23:01:47 | INFO |    OS: Linux
2025-05-03 23:01:47 | INFO |    precision is 16
2025-05-03 23:01:47 | INFO |    Dava validation method: kfold.
2025-05-03 23:01:47 | INFO |    Num of fold: 3
2025-05-03 23:02:02 | INFO |    A new study created in memory with name: no-name-cd709c51-9c74-4332-a6ac-e94f6c45d187
2025-05-03 23:02:33 | INFO |    Trial 0 finished with value: 80.88095343049872 and parameters: {'learning_rate': 0.0013292918943162175, 'n_conv_hidden_layer': 5, 'n_dense_hidden_layer': 4, 'n_graph_dim': 5, 'n_dense_dim': 3, 'drop_rate': 0.0}. Best is trial 0 with value: 80.88095343049872.
2025-05-03 23:03:04 | INFO |    Trial 1 finished with value: 89.3313255915566 and parameters: {'learning_rate': 0.00014936568554617635, 'n_conv_hidden_layer': 5, 'n_dense_hidden_layer': 4, 'n_graph_dim': 6, 'n_dense_dim': 3, 'drop_rate': 0.3}. Best is trial 0 with value: 80.88095343049872.
2025-05-03 23:03:30 | INFO |    Trial 2 finished with value: 33.326101262733424 and parameters: {'learning_rate': 0.03142880890840111, 'n_conv_hidden_layer': 2, 'n_dense_hidden_layer': 1, 'n_graph_dim': 3, 'n_dense_dim': 4, 'drop_rate': 0.2}. Best is trial 2 with value: 33.326101262733424.
2025-05-03 23:03:56 | INFO |    Trial 3 finished with value: 56.572117275661896 and parameters: {'learning_rate': 0.0019762189340280074, 'n_conv_hidden_layer': 2, 'n_dense_hidden_layer': 4, 'n_graph_dim': 3, 'n_dense_dim': 4, 'drop_rate': 0.1}. Best is trial 2 with value: 33.326101262733424.
2025-05-03 23:04:25 | INFO |    Trial 4 finished with value: 36.064245335008735 and parameters: {'learning_rate': 0.0023345864076016252, 'n_conv_hidden_layer': 4, 'n_dense_hidden_layer': 1, 'n_graph_dim': 5, 'n_dense_dim': 5, 'drop_rate': 0.0}. Best is trial 2 with value: 33.326101262733424.
2025-05-03 23:04:49 | INFO |    Trial 5 finished with value: 25.00653359751222 and parameters: {'learning_rate': 0.006647135865318031, 'n_conv_hidden_layer': 1, 'n_dense_hidden_layer': 1, 'n_graph_dim': 7, 'n_dense_dim': 7, 'drop_rate': 0.3}. Best is trial 5 with value: 25.00653359751222.
2025-05-03 23:05:15 | INFO |    Trial 6 finished with value: 85.72110736180866 and parameters: {'learning_rate': 0.0008200518402245837, 'n_conv_hidden_layer': 1, 'n_dense_hidden_layer': 4, 'n_graph_dim': 5, 'n_dense_dim': 3, 'drop_rate': 0.1}. Best is trial 5 with value: 25.00653359751222.
2025-05-03 23:05:46 | INFO |    Trial 7 finished with value: 88.87468231039702 and parameters: {'learning_rate': 0.00012681352169084607, 'n_conv_hidden_layer': 5, 'n_dense_hidden_layer': 2, 'n_graph_dim': 6, 'n_dense_dim': 4, 'drop_rate': 0.2}. Best is trial 5 with value: 25.00653359751222.
2025-05-03 23:06:10 | INFO |    Trial 8 finished with value: 23.449605588559752 and parameters: {'learning_rate': 0.004366473592979638, 'n_conv_hidden_layer': 1, 'n_dense_hidden_layer': 5, 'n_graph_dim': 6, 'n_dense_dim': 7, 'drop_rate': 0.3}. Best is trial 8 with value: 23.449605588559752.
2025-05-03 23:06:44 | INFO |    Trial 9 finished with value: 27.30360966637021 and parameters: {'learning_rate': 0.00621870472776908, 'n_conv_hidden_layer': 5, 'n_dense_hidden_layer': 1, 'n_graph_dim': 3, 'n_dense_dim': 3, 'drop_rate': 0.1}. Best is trial 8 with value: 23.449605588559752.
2025-05-03 23:07:15 | INFO |    Trial 10 finished with value: 69.84487299439768 and parameters: {'learning_rate': 0.001465655388622534, 'n_conv_hidden_layer': 2, 'n_dense_hidden_layer': 5, 'n_graph_dim': 4, 'n_dense_dim': 4, 'drop_rate': 0.2}. Best is trial 8 with value: 23.449605588559752.
2025-05-03 23:07:46 | INFO |    Trial 11 finished with value: 84.55155496748667 and parameters: {'learning_rate': 0.00026471141828218194, 'n_conv_hidden_layer': 5, 'n_dense_hidden_layer': 1, 'n_graph_dim': 7, 'n_dense_dim': 6, 'drop_rate': 0.0}. Best is trial 8 with value: 23.449605588559752.
2025-05-03 23:08:18 | INFO |    Trial 12 finished with value: 87.48890100711237 and parameters: {'learning_rate': 0.00010388823104027947, 'n_conv_hidden_layer': 5, 'n_dense_hidden_layer': 4, 'n_graph_dim': 6, 'n_dense_dim': 6, 'drop_rate': 0.0}. Best is trial 8 with value: 23.449605588559752.
2025-05-03 23:08:43 | INFO |    Trial 13 finished with value: 77.43279395532356 and parameters: {'learning_rate': 0.0011895896737553553, 'n_conv_hidden_layer': 1, 'n_dense_hidden_layer': 5, 'n_graph_dim': 6, 'n_dense_dim': 4, 'drop_rate': 0.0}. Best is trial 8 with value: 23.449605588559752.
2025-05-03 23:09:09 | INFO |    Trial 14 finished with value: 52.658320997127156 and parameters: {'learning_rate': 0.0008569331925053991, 'n_conv_hidden_layer': 2, 'n_dense_hidden_layer': 4, 'n_graph_dim': 6, 'n_dense_dim': 7, 'drop_rate': 0.1}. Best is trial 8 with value: 23.449605588559752.
2025-05-03 23:09:40 | INFO |    Trial 15 finished with value: 84.53978765578496 and parameters: {'learning_rate': 0.00022844556850020554, 'n_conv_hidden_layer': 4, 'n_dense_hidden_layer': 4, 'n_graph_dim': 5, 'n_dense_dim': 6, 'drop_rate': 0.1}. Best is trial 8 with value: 23.449605588559752.
2025-05-03 23:10:08 | INFO |    Trial 16 finished with value: 44.49896191793775 and parameters: {'learning_rate': 0.0036999724314638123, 'n_conv_hidden_layer': 3, 'n_dense_hidden_layer': 1, 'n_graph_dim': 3, 'n_dense_dim': 3, 'drop_rate': 0.2}. Best is trial 8 with value: 23.449605588559752.
2025-05-03 23:10:36 | INFO |    Trial 17 finished with value: 74.87340533544146 and parameters: {'learning_rate': 0.0008771380343280567, 'n_conv_hidden_layer': 3, 'n_dense_hidden_layer': 5, 'n_graph_dim': 4, 'n_dense_dim': 5, 'drop_rate': 0.3}. Best is trial 8 with value: 23.449605588559752.
2025-05-03 23:11:00 | INFO |    Trial 18 finished with value: 70.29519544328963 and parameters: {'learning_rate': 0.000485729517921717, 'n_conv_hidden_layer': 1, 'n_dense_hidden_layer': 2, 'n_graph_dim': 3, 'n_dense_dim': 7, 'drop_rate': 0.3}. Best is trial 8 with value: 23.449605588559752.
2025-05-03 23:11:32 | INFO |    Trial 19 finished with value: 24.010590982184837 and parameters: {'learning_rate': 0.007947147424653748, 'n_conv_hidden_layer': 5, 'n_dense_hidden_layer': 5, 'n_graph_dim': 3, 'n_dense_dim': 7, 'drop_rate': 0.2}. Best is trial 8 with value: 23.449605588559752.
2025-05-03 23:12:02 | INFO |    Trial 20 finished with value: 25.238973456085045 and parameters: {'learning_rate': 0.026443593078398657, 'n_conv_hidden_layer': 5, 'n_dense_hidden_layer': 2, 'n_graph_dim': 3, 'n_dense_dim': 4, 'drop_rate': 0.1}. Best is trial 8 with value: 23.449605588559752.
2025-05-03 23:12:34 | INFO |    Trial 21 finished with value: 24.807543870633243 and parameters: {'learning_rate': 0.028447512555118206, 'n_conv_hidden_layer': 5, 'n_dense_hidden_layer': 1, 'n_graph_dim': 5, 'n_dense_dim': 5, 'drop_rate': 0.0}. Best is trial 8 with value: 23.449605588559752.
2025-05-03 23:13:05 | INFO |    Trial 22 finished with value: 87.12352445895078 and parameters: {'learning_rate': 0.0002288738114460098, 'n_conv_hidden_layer': 2, 'n_dense_hidden_layer': 5, 'n_graph_dim': 4, 'n_dense_dim': 5, 'drop_rate': 0.2}. Best is trial 8 with value: 23.449605588559752.
2025-05-03 23:13:40 | INFO |    Trial 23 finished with value: 62.17906370617094 and parameters: {'learning_rate': 0.0012327891605450798, 'n_conv_hidden_layer': 5, 'n_dense_hidden_layer': 5, 'n_graph_dim': 4, 'n_dense_dim': 5, 'drop_rate': 0.1}. Best is trial 8 with value: 23.449605588559752.
2025-05-03 23:14:06 | INFO |    Trial 24 finished with value: 86.63671677200882 and parameters: {'learning_rate': 0.000715354779469316, 'n_conv_hidden_layer': 1, 'n_dense_hidden_layer': 4, 'n_graph_dim': 5, 'n_dense_dim': 3, 'drop_rate': 0.1}. Best is trial 8 with value: 23.449605588559752.
2025-05-03 23:14:32 | INFO |    Trial 25 finished with value: 55.16002350257187 and parameters: {'learning_rate': 0.05306371575220848, 'n_conv_hidden_layer': 2, 'n_dense_hidden_layer': 1, 'n_graph_dim': 5, 'n_dense_dim': 7, 'drop_rate': 0.0}. Best is trial 8 with value: 23.449605588559752.
2025-05-03 23:15:02 | INFO |    Trial 26 finished with value: 25.848935566251242 and parameters: {'learning_rate': 0.010385003379927421, 'n_conv_hidden_layer': 4, 'n_dense_hidden_layer': 2, 'n_graph_dim': 6, 'n_dense_dim': 4, 'drop_rate': 0.2}. Best is trial 8 with value: 23.449605588559752.
2025-05-03 23:15:28 | INFO |    Trial 27 finished with value: 22.148565766672608 and parameters: {'learning_rate': 0.007954064937683933, 'n_conv_hidden_layer': 3, 'n_dense_hidden_layer': 1, 'n_graph_dim': 7, 'n_dense_dim': 4, 'drop_rate': 0.0}. Best is trial 27 with value: 22.148565766672608.
2025-05-03 23:15:56 | INFO |    Trial 28 finished with value: 88.24991127296731 and parameters: {'learning_rate': 0.0001325334260006654, 'n_conv_hidden_layer': 3, 'n_dense_hidden_layer': 4, 'n_graph_dim': 3, 'n_dense_dim': 5, 'drop_rate': 0.0}. Best is trial 27 with value: 22.148565766672608.
2025-05-03 23:16:21 | INFO |    Trial 29 finished with value: 24.675447847477344 and parameters: {'learning_rate': 0.008620220426018047, 'n_conv_hidden_layer': 1, 'n_dense_hidden_layer': 4, 'n_graph_dim': 4, 'n_dense_dim': 7, 'drop_rate': 0.0}. Best is trial 27 with value: 22.148565766672608.
2025-05-03 23:16:21 | INFO |    Best Trial: 27 with RMSE value: 22.148565766672608
2025-05-03 23:16:21 | INFO |    Best Params
2025-05-03 23:16:21 | INFO |    GNN Type            |GCN
2025-05-03 23:16:21 | INFO |    Conv hidden layers  |3
2025-05-03 23:16:21 | INFO |    Dense hidden layers |1
2025-05-03 23:16:21 | INFO |    Graph dim           |128
2025-05-03 23:16:21 | INFO |    Dense dim           |16
2025-05-03 23:16:21 | INFO |    Drop rate           |0.0
2025-05-03 23:16:21 | INFO |    learning rate       |0.007954064937683933
2025-05-03 23:16:21 | INFO |    
2025-05-03 23:16:21 | INFO |    ***Training of the best model.***
2025-05-03 23:31:10 | INFO |    Training Finishued!!!
2025-05-03 23:31:10 | INFO |    For the train set:
2025-05-03 23:31:10 | INFO |    MAE: 19.9755 RMSE: 26.8344 R^2: 0.9390
2025-05-03 23:31:10 | INFO |    For the valid set:
2025-05-03 23:31:10 | INFO |    MAE: 27.8104 RMSE: 36.9254 R^2: 0.8783
2025-05-03 23:31:11 | INFO |    For the test set:
2025-05-03 23:31:11 | INFO |    MAE: 27.7929 RMSE: 39.5190 R^2: 0.8754
