2025-05-31 09:06:05 | INFO |    OS: Linux
2025-05-31 09:06:05 | INFO |    precision is 16
2025-05-31 09:06:14 | INFO |    Dava validation method: cv.
2025-05-31 09:06:14 | INFO |    Num of fold: 3
2025-05-31 09:06:23 | INFO |    A new study created in memory with name: no-name-0118b7c2-139d-45e8-a360-dce90cffb9f7
2025-05-31 09:06:55 | INFO |    Trial 0 finished with value: 79.27417714759787 and parameters: {'learning_rate': 0.0013292918943162175, 'n_conv_hidden_layer': 5, 'n_dense_hidden_layer': 4, 'n_graph_dim': 5, 'n_dense_dim': 3, 'drop_rate': 0.0}. Best is trial 0 with value: 79.27417714759787.
2025-05-31 09:07:33 | INFO |    Trial 1 finished with value: 89.32868327791728 and parameters: {'learning_rate': 0.00014936568554617635, 'n_conv_hidden_layer': 5, 'n_dense_hidden_layer': 4, 'n_graph_dim': 6, 'n_dense_dim': 3, 'drop_rate': 0.3}. Best is trial 0 with value: 79.27417714759787.
2025-05-31 09:08:02 | INFO |    Trial 2 finished with value: 36.91832745264447 and parameters: {'learning_rate': 0.03142880890840111, 'n_conv_hidden_layer': 2, 'n_dense_hidden_layer': 1, 'n_graph_dim': 3, 'n_dense_dim': 4, 'drop_rate': 0.2}. Best is trial 2 with value: 36.91832745264447.
2025-05-31 09:08:31 | INFO |    Trial 3 finished with value: 57.68702752249581 and parameters: {'learning_rate': 0.0019762189340280074, 'n_conv_hidden_layer': 2, 'n_dense_hidden_layer': 4, 'n_graph_dim': 3, 'n_dense_dim': 4, 'drop_rate': 0.1}. Best is trial 2 with value: 36.91832745264447.
2025-05-31 09:09:01 | INFO |    Trial 4 finished with value: 26.015335829800403 and parameters: {'learning_rate': 0.0023345864076016252, 'n_conv_hidden_layer': 4, 'n_dense_hidden_layer': 1, 'n_graph_dim': 5, 'n_dense_dim': 5, 'drop_rate': 0.0}. Best is trial 4 with value: 26.015335829800403.
2025-05-31 09:09:27 | INFO |    Trial 5 finished with value: 25.681701296851752 and parameters: {'learning_rate': 0.006647135865318031, 'n_conv_hidden_layer': 1, 'n_dense_hidden_layer': 1, 'n_graph_dim': 7, 'n_dense_dim': 7, 'drop_rate': 0.3}. Best is trial 5 with value: 25.681701296851752.
2025-05-31 09:09:54 | INFO |    Trial 6 finished with value: 85.75470628687945 and parameters: {'learning_rate': 0.0008200518402245837, 'n_conv_hidden_layer': 1, 'n_dense_hidden_layer': 4, 'n_graph_dim': 5, 'n_dense_dim': 3, 'drop_rate': 0.1}. Best is trial 5 with value: 25.681701296851752.
2025-05-31 09:10:26 | INFO |    Trial 7 finished with value: 88.86544097415985 and parameters: {'learning_rate': 0.00012681352169084607, 'n_conv_hidden_layer': 5, 'n_dense_hidden_layer': 2, 'n_graph_dim': 6, 'n_dense_dim': 4, 'drop_rate': 0.2}. Best is trial 5 with value: 25.681701296851752.
2025-05-31 09:10:52 | INFO |    Trial 8 finished with value: 23.904419258158043 and parameters: {'learning_rate': 0.004366473592979638, 'n_conv_hidden_layer': 1, 'n_dense_hidden_layer': 5, 'n_graph_dim': 6, 'n_dense_dim': 7, 'drop_rate': 0.3}. Best is trial 8 with value: 23.904419258158043.
2025-05-31 09:11:23 | INFO |    Trial 9 finished with value: 27.582260273121022 and parameters: {'learning_rate': 0.00621870472776908, 'n_conv_hidden_layer': 5, 'n_dense_hidden_layer': 1, 'n_graph_dim': 3, 'n_dense_dim': 3, 'drop_rate': 0.1}. Best is trial 8 with value: 23.904419258158043.
2025-05-31 09:11:52 | INFO |    Trial 10 finished with value: 69.61832754952566 and parameters: {'learning_rate': 0.001465655388622534, 'n_conv_hidden_layer': 2, 'n_dense_hidden_layer': 5, 'n_graph_dim': 4, 'n_dense_dim': 4, 'drop_rate': 0.2}. Best is trial 8 with value: 23.904419258158043.
2025-05-31 09:12:22 | INFO |    Trial 11 finished with value: 84.57016415066188 and parameters: {'learning_rate': 0.00026471141828218194, 'n_conv_hidden_layer': 5, 'n_dense_hidden_layer': 1, 'n_graph_dim': 7, 'n_dense_dim': 6, 'drop_rate': 0.0}. Best is trial 8 with value: 23.904419258158043.
2025-05-31 09:12:57 | INFO |    Trial 12 finished with value: 87.49892465904276 and parameters: {'learning_rate': 0.00010388823104027947, 'n_conv_hidden_layer': 5, 'n_dense_hidden_layer': 4, 'n_graph_dim': 6, 'n_dense_dim': 6, 'drop_rate': 0.0}. Best is trial 8 with value: 23.904419258158043.
2025-05-31 09:13:27 | INFO |    Trial 13 finished with value: 76.51248237569496 and parameters: {'learning_rate': 0.0011895896737553553, 'n_conv_hidden_layer': 1, 'n_dense_hidden_layer': 5, 'n_graph_dim': 6, 'n_dense_dim': 4, 'drop_rate': 0.0}. Best is trial 8 with value: 23.904419258158043.
2025-05-31 09:13:59 | INFO |    Trial 14 finished with value: 49.85189466123228 and parameters: {'learning_rate': 0.0008569331925053991, 'n_conv_hidden_layer': 2, 'n_dense_hidden_layer': 4, 'n_graph_dim': 6, 'n_dense_dim': 7, 'drop_rate': 0.1}. Best is trial 8 with value: 23.904419258158043.
2025-05-31 09:14:35 | INFO |    Trial 15 finished with value: 84.54260964368386 and parameters: {'learning_rate': 0.00022844556850020554, 'n_conv_hidden_layer': 4, 'n_dense_hidden_layer': 4, 'n_graph_dim': 5, 'n_dense_dim': 6, 'drop_rate': 0.1}. Best is trial 8 with value: 23.904419258158043.
2025-05-31 09:15:06 | INFO |    Trial 16 finished with value: 42.6725167572183 and parameters: {'learning_rate': 0.0036999724314638123, 'n_conv_hidden_layer': 3, 'n_dense_hidden_layer': 1, 'n_graph_dim': 3, 'n_dense_dim': 3, 'drop_rate': 0.2}. Best is trial 8 with value: 23.904419258158043.
2025-05-31 09:15:37 | INFO |    Trial 17 finished with value: 75.76771424308656 and parameters: {'learning_rate': 0.0008771380343280567, 'n_conv_hidden_layer': 3, 'n_dense_hidden_layer': 5, 'n_graph_dim': 4, 'n_dense_dim': 5, 'drop_rate': 0.3}. Best is trial 8 with value: 23.904419258158043.
2025-05-31 09:16:04 | INFO |    Trial 18 finished with value: 69.86333344474671 and parameters: {'learning_rate': 0.000485729517921717, 'n_conv_hidden_layer': 1, 'n_dense_hidden_layer': 2, 'n_graph_dim': 3, 'n_dense_dim': 7, 'drop_rate': 0.3}. Best is trial 8 with value: 23.904419258158043.
2025-05-31 09:16:33 | INFO |    Trial 19 finished with value: 25.056700156479284 and parameters: {'learning_rate': 0.007947147424653748, 'n_conv_hidden_layer': 5, 'n_dense_hidden_layer': 5, 'n_graph_dim': 3, 'n_dense_dim': 7, 'drop_rate': 0.2}. Best is trial 8 with value: 23.904419258158043.
2025-05-31 09:17:04 | INFO |    Trial 20 finished with value: 25.99199792569276 and parameters: {'learning_rate': 0.026443593078398657, 'n_conv_hidden_layer': 5, 'n_dense_hidden_layer': 2, 'n_graph_dim': 3, 'n_dense_dim': 4, 'drop_rate': 0.1}. Best is trial 8 with value: 23.904419258158043.
2025-05-31 09:17:36 | INFO |    Trial 21 finished with value: 25.330266508475813 and parameters: {'learning_rate': 0.028447512555118206, 'n_conv_hidden_layer': 5, 'n_dense_hidden_layer': 1, 'n_graph_dim': 5, 'n_dense_dim': 5, 'drop_rate': 0.0}. Best is trial 8 with value: 23.904419258158043.
2025-05-31 09:18:05 | INFO |    Trial 22 finished with value: 87.13232478389034 and parameters: {'learning_rate': 0.0002288738114460098, 'n_conv_hidden_layer': 2, 'n_dense_hidden_layer': 5, 'n_graph_dim': 4, 'n_dense_dim': 5, 'drop_rate': 0.2}. Best is trial 8 with value: 23.904419258158043.
2025-05-31 09:18:37 | INFO |    Trial 23 finished with value: 60.30380347922996 and parameters: {'learning_rate': 0.0012327891605450798, 'n_conv_hidden_layer': 5, 'n_dense_hidden_layer': 5, 'n_graph_dim': 4, 'n_dense_dim': 5, 'drop_rate': 0.1}. Best is trial 8 with value: 23.904419258158043.
2025-05-31 09:19:06 | INFO |    Trial 24 finished with value: 86.58712086349567 and parameters: {'learning_rate': 0.000715354779469316, 'n_conv_hidden_layer': 1, 'n_dense_hidden_layer': 4, 'n_graph_dim': 5, 'n_dense_dim': 3, 'drop_rate': 0.1}. Best is trial 8 with value: 23.904419258158043.
2025-05-31 09:19:35 | INFO |    Trial 25 finished with value: 605.367444628761 and parameters: {'learning_rate': 0.05306371575220848, 'n_conv_hidden_layer': 2, 'n_dense_hidden_layer': 1, 'n_graph_dim': 5, 'n_dense_dim': 7, 'drop_rate': 0.0}. Best is trial 8 with value: 23.904419258158043.
2025-05-31 09:20:10 | INFO |    Trial 26 finished with value: 27.527742668434428 and parameters: {'learning_rate': 0.010385003379927421, 'n_conv_hidden_layer': 4, 'n_dense_hidden_layer': 2, 'n_graph_dim': 6, 'n_dense_dim': 4, 'drop_rate': 0.2}. Best is trial 8 with value: 23.904419258158043.
2025-05-31 09:20:37 | INFO |    Trial 27 finished with value: 21.952809258112833 and parameters: {'learning_rate': 0.007954064937683933, 'n_conv_hidden_layer': 3, 'n_dense_hidden_layer': 1, 'n_graph_dim': 7, 'n_dense_dim': 4, 'drop_rate': 0.0}. Best is trial 27 with value: 21.952809258112833.
2025-05-31 09:21:08 | INFO |    Trial 28 finished with value: 88.24746631440662 and parameters: {'learning_rate': 0.0001325334260006654, 'n_conv_hidden_layer': 3, 'n_dense_hidden_layer': 4, 'n_graph_dim': 3, 'n_dense_dim': 5, 'drop_rate': 0.0}. Best is trial 27 with value: 21.952809258112833.
2025-05-31 09:21:34 | INFO |    Trial 29 finished with value: 25.58385979183136 and parameters: {'learning_rate': 0.008620220426018047, 'n_conv_hidden_layer': 1, 'n_dense_hidden_layer': 4, 'n_graph_dim': 4, 'n_dense_dim': 7, 'drop_rate': 0.0}. Best is trial 27 with value: 21.952809258112833.
2025-05-31 09:21:34 | INFO |    Best Trial: 27 with RMSE value: 21.952809258112833
2025-05-31 09:21:34 | INFO |    Best Params
2025-05-31 09:21:34 | INFO |    GNN Type            |GCN
2025-05-31 09:21:34 | INFO |    Conv hidden layers  |3
2025-05-31 09:21:34 | INFO |    Dense hidden layers |1
2025-05-31 09:21:34 | INFO |    Graph dim           |128
2025-05-31 09:21:34 | INFO |    Dense dim           |16
2025-05-31 09:21:34 | INFO |    Drop rate           |0.0
2025-05-31 09:21:34 | INFO |    learning rate       |0.007954064937683933
2025-05-31 09:21:34 | INFO |    
2025-05-31 09:21:34 | INFO |    ***Training of the best model.***
